This file contains any messages produced by compilers while
running configure, to aid debugging if configure makes a mistake.

It was created by newlib configure 2.4.0, which was
generated by GNU Autoconf 2.68.  Invocation command line was

  $ ../../configure --with-multisubdir=armv7-m --with-multisrctop= --enable-multilib --target=arm-none-eabi --enable-newlib-io-long-long --enable-newlib-register-fini --disable-newlib-supplied-syscalls --disable-nls --host=arm-none-eabi CC=arm-none-eabi-gcc CFLAGS=-Os -ffunction-sections -fdata-sections -DMALLOC_PROVIDED host_alias=arm-none-eabi target_alias=arm-none-eabi CC=arm-none-eabi-gcc  -mthumb -march=armv7-m CXX= -mthumb -march=armv7-m F77= -mthumb -march=armv7-m GCJ= -mthumb -march=armv7-m GFORTRAN= -mthumb -march=armv7-m GOC= -mthumb -march=armv7-m -srcdir=../..

## --------- ##
## Platform. ##
## --------- ##

hostname = NathanPC
uname -m = i686
uname -r = 2.5.2(0.297/5/3)
uname -s = CYGWIN_NT-6.1-WOW
uname -v = 2016-06-23 14:27

/usr/bin/uname -p = unknown
/bin/uname -X     = unknown

/bin/arch              = i686
/usr/bin/arch -k       = unknown
/usr/convex/getsysinfo = unknown
/usr/bin/hostinfo      = unknown
/bin/machine           = unknown
/usr/bin/oslevel       = unknown
/bin/universe          = unknown

PATH: /usr/local/bin
PATH: /usr/bin
PATH: /cygdrive/c/ProgramData/Oracle/Java/javapath
PATH: /cygdrive/c/Program Files (x86)/Pololu/Simple Motor Controller/bin
PATH: /cygdrive/c/Program Files (x86)/NVIDIA Corporation/PhysX/Common
PATH: /cygdrive/c/Windows/system32
PATH: /cygdrive/c/Windows
PATH: /cygdrive/c/Windows/system32/wbem
PATH: /cygdrive/c/openocd/bin
PATH: /cygdrive/c/Windows/system32/windowspowershell/v1.0
PATH: /cygdrive/c/Program Files (x86)/MATLAB71/bin/win32
PATH: /cygdrive/c/Program Files (x86)/Microsoft SQL Server/100/Tools/Binn
PATH: /cygdrive/c/Program Files/Java/jdk1.6.0_27/bin
PATH: /cygdrive/c/Program Files (x86)/Microsoft SQL Server/100/DTS/Binn
PATH: /cygdrive/c/gae-1.6/bin
PATH: /cygdrive/c/android-sdk/platform-tools
PATH: /cygdrive/c/Program Files/Common Files/NeatReceipts/Drivers/M12
PATH: /cygdrive/c/Program Files (x86)/Java/jre7/bin
PATH: /cygdrive/c/Windows/System32/Wbem
PATH: /cygdrive/c/Windows/System32/WindowsPowerShell/v1.0
PATH: /cygdrive/c/Program Files/Microsoft SQL Server/110/Tools/Binn
PATH: /cygdrive/c/Program Files/Prio
PATH: /cygdrive/c/Program Files (x86)/Microsoft SDKs/TypeScript/1.0
PATH: /cygdrive/c/Program Files/Microsoft SQL Server/120/Tools/Binn
PATH: /cygdrive/c/Program Files (x86)/Skype/Phone
PATH: /cygdrive/c/GCC541/bin
PATH: /cygdrive/c/Program Files (x86)/Pololu/Simple Motor Controller/bin
PATH: /cygdrive/c/Cadence/SPB_16.6/tools/pcb/bin
PATH: /cygdrive/c/Cadence/SPB_16.6/tools/bin
PATH: /cygdrive/c/Cadence/SPB_16.6/openaccess/bin/win32/opt
PATH: /cygdrive/c/Cadence/SPB_16.6/tools/fet/bin
PATH: /cygdrive/c/Cadence/SPB_16.6/tools/capture
PATH: /cygdrive/c/Cadence/SPB_16.6/tools/pspice
PATH: /cygdrive/c/Cadence/SPB_16.6/tools/specctra/bin
PATH: /usr/lib/lapack


## ----------- ##
## Core tests. ##
## ----------- ##

configure:2478: checking build system type
configure:2492: result: i686-pc-cygwin
configure:2512: checking host system type
configure:2525: result: arm-none-eabi
configure:2561: checking for a BSD-compatible install
configure:2629: result: /usr/bin/install -c
configure:2640: checking whether build environment is sane
configure:2690: result: yes
configure:2739: checking for arm-none-eabi-strip
configure:2755: found /cygdrive/c/GCC541/bin/arm-none-eabi-strip
configure:2766: result: arm-none-eabi-strip
configure:2831: checking for a thread-safe mkdir -p
configure:2870: result: /usr/bin/mkdir -p
configure:2883: checking for gawk
configure:2899: found /usr/bin/gawk
configure:2910: result: gawk
configure:2921: checking whether make sets $(MAKE)
configure:2943: result: yes
configure:2973: checking for style of include used by make
configure:3001: result: GNU
configure:3211: checking for gcc
configure:3238: result: arm-none-eabi-gcc  -mthumb -march=armv7-m
configure:3249: checking dependency style of arm-none-eabi-gcc  -mthumb -march=armv7-m
configure:3360: result: gcc3
configure:3433: checking whether we are using GNU C
configure:3444: arm-none-eabi-gcc  -mthumb -march=armv7-m -E conftest.c
configure:3447: $? = 0
configure:3454: result: yes
configure:3463: checking whether arm-none-eabi-gcc  -mthumb -march=armv7-m accepts -g
configure:3483: arm-none-eabi-gcc  -mthumb -march=armv7-m -c -g  conftest.c >&5
configure:3483: $? = 0
configure: failed program was:
| /* confdefs.h */
| #define PACKAGE_NAME "newlib"
| #define PACKAGE_TARNAME "newlib"
| #define PACKAGE_VERSION "2.4.0"
| #define PACKAGE_STRING "newlib 2.4.0"
| #define PACKAGE_BUGREPORT ""
| #define PACKAGE_URL ""
| /* end confdefs.h.  */
| 
| int
| main ()
| {
| 
|   ;
|   return 0;
| }
configure:3498: arm-none-eabi-gcc  -mthumb -march=armv7-m -c   conftest.c >&5
configure:3498: $? = 0
configure: failed program was:
| /* confdefs.h */
| #define PACKAGE_NAME "newlib"
| #define PACKAGE_TARNAME "newlib"
| #define PACKAGE_VERSION "2.4.0"
| #define PACKAGE_STRING "newlib 2.4.0"
| #define PACKAGE_BUGREPORT ""
| #define PACKAGE_URL ""
| /* end confdefs.h.  */
| 
| int
| main ()
| {
| 
|   ;
|   return 0;
| }
configure:3514: arm-none-eabi-gcc  -mthumb -march=armv7-m -c -g  conftest.c >&5
configure:3514: $? = 0
configure: failed program was:
| /* confdefs.h */
| #define PACKAGE_NAME "newlib"
| #define PACKAGE_TARNAME "newlib"
| #define PACKAGE_VERSION "2.4.0"
| #define PACKAGE_STRING "newlib 2.4.0"
| #define PACKAGE_BUGREPORT ""
| #define PACKAGE_URL ""
| /* end confdefs.h.  */
| 
| int
| main ()
| {
| 
|   ;
|   return 0;
| }
configure:3524: result: no
configure:3557: checking for arm-none-eabi-as
configure:3573: found /cygdrive/c/GCC541/bin/arm-none-eabi-as
configure:3584: result: arm-none-eabi-as
configure:3649: checking for arm-none-eabi-ar
configure:3665: found /cygdrive/c/GCC541/bin/arm-none-eabi-ar
configure:3676: result: arm-none-eabi-ar
configure:3741: checking for arm-none-eabi-ranlib
configure:3757: found /cygdrive/c/GCC541/bin/arm-none-eabi-ranlib
configure:3768: result: arm-none-eabi-ranlib
configure:3833: checking for arm-none-eabi-readelf
configure:3849: found /cygdrive/c/GCC541/bin/arm-none-eabi-readelf
configure:3860: result: arm-none-eabi-readelf
configure:3929: checking whether to enable maintainer-specific portions of Makefiles
configure:3938: result: no
configure:4048: checking for a sed that does not truncate output
configure:4112: result: /usr/bin/sed
configure:4134: checking how to print strings
configure:4161: result: printf
configure:4186: checking for gawk
configure:4213: result: gawk
configure:12499: checking for .preinit_array/.init_array/.fini_array support
configure:12512: arm-none-eabi-gcc  -mthumb -march=armv7-m -Os -ffunction-sections -fdata-sections -DMALLOC_PROVIDED  -c -o conftest conftest.c
							1>&5
configure:12515: $? = 0
configure:12528: result: yes
configure:12539: checking if arm-none-eabi-gcc  -mthumb -march=armv7-m accepts -fno-tree-loop-distribute-patterns with __attribute__ ((__optimize__))
configure:12553: arm-none-eabi-gcc  -mthumb -march=armv7-m -Os -ffunction-sections -fdata-sections -DMALLOC_PROVIDED  -c
			    -fno-tree-loop-distribute-patterns conftest.c
configure:12556: $? = 0
configure:12563: result: yes
configure:12571: checking whether long double type exists
configure:12591: arm-none-eabi-gcc  -mthumb -march=armv7-m -Os -ffunction-sections -fdata-sections -DMALLOC_PROVIDED  -c -o conftest.o conftest.c
							1>&5
configure:12594: $? = 0
configure:12603: result: yes
configure:12620: checking whether long double equals double
configure:12636: arm-none-eabi-gcc  -mthumb -march=armv7-m -Os -ffunction-sections -fdata-sections -DMALLOC_PROVIDED  -c -o conftest.o conftest.c
							1>&5
configure:12639: $? = 0
configure:12648: result: yes
configure:12839: creating ./config.status

## ---------------------- ##
## Running config.status. ##
## ---------------------- ##

This file was extended by newlib config.status 2.4.0, which was
generated by GNU Autoconf 2.68.  Invocation command line was

  CONFIG_FILES    = 
  CONFIG_HEADERS  = 
  CONFIG_LINKS    = 
  CONFIG_COMMANDS = 
  $ ./config.status 

on NathanPC

config.status:1143: creating Makefile
config.status:1143: creating _newlib_version.h
config.status:1143: creating newlib.h
config.status:1357: executing depfiles commands
configure:15159: === configuring in libc (/cygdrive/c/new541/newlib/newlib/armv7-m/build-final/libc)
configure:15222: running /bin/sh ../../../libc/configure --disable-option-checking '--prefix=/usr/local'  '--with-multisubdir=armv7-m' '--with-multisrctop=' '--enable-multilib' '--target=arm-none-eabi' '--enable-newlib-io-long-long' '--enable-newlib-register-fini' '--disable-newlib-supplied-syscalls' '--disable-nls' '--host=arm-none-eabi' 'CC=arm-none-eabi-gcc' 'CFLAGS=-Os -ffunction-sections -fdata-sections -DMALLOC_PROVIDED' 'host_alias=arm-none-eabi' 'target_alias=arm-none-eabi' 'CC=arm-none-eabi-gcc  -mthumb -march=armv7-m' 'CXX= -mthumb -march=armv7-m' 'F77= -mthumb -march=armv7-m' 'GCJ= -mthumb -march=armv7-m' 'GFORTRAN= -mthumb -march=armv7-m' 'GOC= -mthumb -march=armv7-m' --cache-file=/dev/null --srcdir=../../../libc
configure:15159: === configuring in libm (/cygdrive/c/new541/newlib/newlib/armv7-m/build-final/libm)
configure:15222: running /bin/sh ../../../libm/configure --disable-option-checking '--prefix=/usr/local'  '--with-multisubdir=armv7-m' '--with-multisrctop=' '--enable-multilib' '--target=arm-none-eabi' '--enable-newlib-io-long-long' '--enable-newlib-register-fini' '--disable-newlib-supplied-syscalls' '--disable-nls' '--host=arm-none-eabi' 'CC=arm-none-eabi-gcc' 'CFLAGS=-Os -ffunction-sections -fdata-sections -DMALLOC_PROVIDED' 'host_alias=arm-none-eabi' 'target_alias=arm-none-eabi' 'CC=arm-none-eabi-gcc  -mthumb -march=armv7-m' 'CXX= -mthumb -march=armv7-m' 'F77= -mthumb -march=armv7-m' 'GCJ= -mthumb -march=armv7-m' 'GFORTRAN= -mthumb -march=armv7-m' 'GOC= -mthumb -march=armv7-m' --cache-file=/dev/null --srcdir=../../../libm

## ---------------- ##
## Cache variables. ##
## ---------------- ##

ac_cv_build=i686-pc-cygwin
ac_cv_c_compiler_gnu=yes
ac_cv_env_CCASFLAGS_set=
ac_cv_env_CCASFLAGS_value=
ac_cv_env_CCAS_set=
ac_cv_env_CCAS_value=
ac_cv_env_CC_set=set
ac_cv_env_CC_value='arm-none-eabi-gcc  -mthumb -march=armv7-m'
ac_cv_env_CFLAGS_set=set
ac_cv_env_CFLAGS_value='-Os -ffunction-sections -fdata-sections -DMALLOC_PROVIDED'
ac_cv_env_CPPFLAGS_set=
ac_cv_env_CPPFLAGS_value=
ac_cv_env_CPP_set=
ac_cv_env_CPP_value=
ac_cv_env_LDFLAGS_set=
ac_cv_env_LDFLAGS_value=
ac_cv_env_LIBS_set=
ac_cv_env_LIBS_value=
ac_cv_env_build_alias_set=
ac_cv_env_build_alias_value=
ac_cv_env_host_alias_set=set
ac_cv_env_host_alias_value=arm-none-eabi
ac_cv_env_target_alias_set=set
ac_cv_env_target_alias_value=arm-none-eabi
ac_cv_host=arm-none-eabi
ac_cv_path_SED=/usr/bin/sed
ac_cv_path_install='/usr/bin/install -c'
ac_cv_path_mkdir=/usr/bin/mkdir
ac_cv_prog_AR=arm-none-eabi-ar
ac_cv_prog_AS=arm-none-eabi-as
ac_cv_prog_AWK=gawk
ac_cv_prog_CC='arm-none-eabi-gcc  -mthumb -march=armv7-m'
ac_cv_prog_RANLIB=arm-none-eabi-ranlib
ac_cv_prog_READELF=arm-none-eabi-readelf
ac_cv_prog_STRIP=arm-none-eabi-strip
ac_cv_prog_cc_g=no
ac_cv_prog_make_make_set=yes
acnewlib_cv_type_long_double=yes
am_cv_CC_dependencies_compiler_type=gcc3
libc_cv_cc_loop_to_function=yes
libc_cv_initfinit_array=yes
newlib_cv_ldbl_eq_dbl=yes

## ----------------- ##
## Output variables. ##
## ----------------- ##

ACLOCAL='${SHELL} /cygdrive/c/new541/newlib/missing --run aclocal-1.11'
AMDEPBACKSLASH='\'
AMDEP_FALSE='#'
AMDEP_TRUE=''
AMTAR='$${TAR-tar}'
AR='arm-none-eabi-ar'
AS='arm-none-eabi-as'
AUTOCONF='${SHELL} /cygdrive/c/new541/newlib/missing --run autoconf'
AUTOHEADER='${SHELL} /cygdrive/c/new541/newlib/missing --run autoheader'
AUTOMAKE='${SHELL} /cygdrive/c/new541/newlib/missing --run automake-1.11'
AWK='gawk'
CC='arm-none-eabi-gcc  -mthumb -march=armv7-m'
CCAS='arm-none-eabi-gcc  -mthumb -march=armv7-m'
CCASFLAGS='-Os -ffunction-sections -fdata-sections -DMALLOC_PROVIDED'
CCDEPMODE='depmode=gcc3'
CC_FOR_BUILD='gcc'
CC_FOR_NEWLIB='arm-none-eabi-gcc  -mthumb -march=armv7-m -I/cygdrive/c/new541/newlib/newlib/armv7-m/build-final/targ-include -I/cygdrive/c/new541/newlib/newlib/libc/include'
CFLAGS='-Os -ffunction-sections -fdata-sections -DMALLOC_PROVIDED'
CPP=''
CPPFLAGS=''
CRT0=''
CRT0_DIR=''
CRT1=''
CRT1_DIR=''
CYGPATH_W='cygpath -w'
DEFS='-DHAVE_CONFIG_H'
DEPDIR='.deps'
DLLTOOL=''
DSYMUTIL=''
DUMPBIN=''
ECHO_C=''
ECHO_N='-n'
ECHO_T=''
EGREP=''
ELIX_LEVEL_0_FALSE='#'
ELIX_LEVEL_0_TRUE=''
ELIX_LEVEL_1_FALSE=''
ELIX_LEVEL_1_TRUE='#'
ELIX_LEVEL_2_FALSE=''
ELIX_LEVEL_2_TRUE='#'
ELIX_LEVEL_3_FALSE=''
ELIX_LEVEL_3_TRUE='#'
ELIX_LEVEL_4_FALSE=''
ELIX_LEVEL_4_TRUE='#'
EXEEXT=''
EXTRA_DIRS=''
FGREP=''
GREP=''
HAVE_DOC_FALSE=''
HAVE_DOC_TRUE='#'
HAVE_LONG_DOUBLE_FALSE='#'
HAVE_LONG_DOUBLE_TRUE=''
INSTALL_DATA='${INSTALL} -m 644'
INSTALL_PROGRAM='${INSTALL}'
INSTALL_SCRIPT='${INSTALL}'
INSTALL_STRIP_PROGRAM='$(install_sh) -c -s'
LD=''
LDFLAGS=''
LIBM_MACHINE_OBJECTLIST='libm/machine/arm/objectlist.awk.in'
LIBOBJS=''
LIBS=''
LIBTOOL=''
LIPO=''
LN_S=''
LTLIBOBJS=''
MACHINE_OBJECTLIST='libc/machine/arm/objectlist.awk.in'
MAINT='#'
MAINTAINER_MODE_FALSE=''
MAINTAINER_MODE_TRUE='#'
MAKEINFO='${SHELL} /cygdrive/c/new541/newlib/missing --run makeinfo'
MAY_SUPPLY_SYSCALLS_FALSE=''
MAY_SUPPLY_SYSCALLS_TRUE='#'
MKDIR_P='/usr/bin/mkdir -p'
NEWLIB_CFLAGS=' -D__NO_SYSCALLS__ -fno-builtin'
NEWLIB_HW_FP_FALSE=''
NEWLIB_HW_FP_TRUE='#'
NM=''
NMEDIT=''
NO_INCLUDE_LIST=' rpc/types.h rpc/xdr.h'
OBJDUMP=''
OBJEXT='o'
OTOOL64=''
OTOOL=''
PACKAGE='newlib'
PACKAGE_BUGREPORT=''
PACKAGE_NAME='newlib'
PACKAGE_STRING='newlib 2.4.0'
PACKAGE_TARNAME='newlib'
PACKAGE_URL=''
PACKAGE_VERSION='2.4.0'
PATH_SEPARATOR=':'
POSIX_OBJECTLIST=''
RANLIB='arm-none-eabi-ranlib'
READELF='arm-none-eabi-readelf'
SED='/usr/bin/sed'
SET_MAKE=''
SHELL='/bin/sh'
SIGNAL_OBJECTLIST='libc/signal/objectlist.awk.in'
STDIO64_OBJECTLIST=''
STRIP='arm-none-eabi-strip'
SYSCALL_OBJECTLIST='libc/syscalls/objectlist.awk.in'
SYS_MACH_OBJECTLIST=''
SYS_OBJECTLIST='libc/sys/arm/objectlist.awk.in'
UNIX_OBJECTLIST=''
USE_LIBTOOL_FALSE=''
USE_LIBTOOL_TRUE='#'
VERSION='2.4.0'
ac_ct_CC=''
ac_ct_DUMPBIN=''
aext='a'
am__EXEEXT_FALSE=''
am__EXEEXT_TRUE='#'
am__fastdepCC_FALSE='#'
am__fastdepCC_TRUE=''
am__include='include'
am__isrc=' -I$(srcdir)'
am__leading_dot='.'
am__nodep='_no'
am__quote=''
am__tar='$${TAR-tar} chof - "$$tardir"'
am__untar='$${TAR-tar} xf -'
bindir='${exec_prefix}/bin'
build='i686-pc-cygwin'
build_alias=''
build_cpu='i686'
build_os='cygwin'
build_vendor='pc'
datadir='${datarootdir}'
datarootdir='${prefix}/share'
docdir='${datarootdir}/doc/${PACKAGE_TARNAME}'
dvidir='${docdir}'
exec_prefix='${prefix}'
host='arm-none-eabi'
host_alias='arm-none-eabi'
host_cpu='arm'
host_os='eabi'
host_vendor='none'
htmldir='${docdir}'
includedir='${prefix}/include'
infodir='${datarootdir}/info'
install_sh='${SHELL} /cygdrive/c/new541/newlib/install-sh'
libc_cv_cc_loop_to_function='yes'
libc_cv_initfinit_array='yes'
libdir='${exec_prefix}/lib'
libexecdir='${exec_prefix}/libexec'
libm_machine_dir='arm'
localedir='${datarootdir}/locale'
localstatedir='${prefix}/var'
lpfx='lib_a-'
machine_dir='arm'
mandir='${datarootdir}/man'
mkdir_p='/usr/bin/mkdir -p'
newlib_basedir='../../.'
oext='o'
oldincludedir='/usr/include'
pdfdir='${docdir}'
prefix='/usr/local'
program_transform_name='s,x,x,'
psdir='${docdir}'
sbindir='${exec_prefix}/sbin'
sharedstatedir='${prefix}/com'
subdirs=' libc libm'
sys_dir='arm'
sysconfdir='${prefix}/etc'
target_alias='arm-none-eabi'

## ----------- ##
## confdefs.h. ##
## ----------- ##

/* confdefs.h */
#define PACKAGE_NAME "newlib"
#define PACKAGE_TARNAME "newlib"
#define PACKAGE_VERSION "2.4.0"
#define PACKAGE_STRING "newlib 2.4.0"
#define PACKAGE_BUGREPORT ""
#define PACKAGE_URL ""
#define _WANT_REGISTER_FINI 1
#define _WANT_IO_LONG_LONG 1
#define _MB_LEN_MAX 1
#define _NEWLIB_VERSION "2.4.0"
#define __NEWLIB__ 2
#define __NEWLIB_MINOR__ 4
#define __NEWLIB_PATCHLEVEL__ 0
#define _ATEXIT_DYNAMIC_ALLOC 1
#define _FVWRITE_IN_STREAMIO 1
#define _FSEEK_OPTIMIZATION 1
#define _WIDE_ORIENT 1
#define _UNBUF_STREAM_OPT 1
#define HAVE_INITFINI_ARRAY 1
#define _HAVE_CC_INHIBIT_LOOP_TO_LIBCALL 1
#define _HAVE_LONG_DOUBLE 1
#define _LDBL_EQ_DBL 1

configure: exit 0
